{"/Users/abushanum/Documents/project/shipdeo/plugin/shipdeo-signature-ts/src/index.ts": {"path":"/Users/abushanum/Documents/project/shipdeo/plugin/shipdeo-signature-ts/src/index.ts","statementMap":{"0":{"start":{"line":1,"column":0},"end":{"line":1,"column":38}},"1":{"start":{"line":2,"column":22},"end":{"line":2,"column":64}},"2":{"start":{"line":17,"column":12},"end":{"line":17,"column":19}},"3":{"start":{"line":19,"column":8},"end":{"line":19,"column":31}},"4":{"start":{"line":20,"column":8},"end":{"line":20,"column":33}},"5":{"start":{"line":21,"column":8},"end":{"line":21,"column":41}},"6":{"start":{"line":22,"column":8},"end":{"line":22,"column":23}},"7":{"start":{"line":23,"column":8},"end":{"line":23,"column":23}},"8":{"start":{"line":51,"column":4},"end":{"line":51,"column":17}},"9":{"start":{"line":36,"column":17},"end":{"line":47,"column":1}},"10":{"start":{"line":38,"column":20},"end":{"line":38,"column":52}},"11":{"start":{"line":41,"column":4},"end":{"line":46,"column":5}},"12":{"start":{"line":42,"column":21},"end":{"line":42,"column":47}},"13":{"start":{"line":43,"column":8},"end":{"line":43,"column":20}},"14":{"start":{"line":45,"column":8},"end":{"line":45,"column":43}},"15":{"start":{"line":50,"column":4},"end":{"line":50,"column":12}}},"fnMap":{"0":{"name":"(anonymous_0)","decl":{"start":{"line":10,"column":4},"end":{"line":10,"column":16}},"loc":{"start":{"line":10,"column":28},"end":{"line":24,"column":5}}},"1":{"name":"(anonymous_1)","decl":{"start":{"line":36,"column":17},"end":{"line":36,"column":18}},"loc":{"start":{"line":36,"column":71},"end":{"line":47,"column":1}}}},"branchMap":{"0":{"loc":{"start":{"line":41,"column":4},"end":{"line":46,"column":5}},"type":"if","locations":[{"start":{"line":41,"column":4},"end":{"line":46,"column":5}},{"start":{"line":44,"column":11},"end":{"line":46,"column":5}}]},"1":{"loc":{"start":{"line":41,"column":8},"end":{"line":41,"column":113}},"type":"binary-expr","locations":[{"start":{"line":41,"column":8},"end":{"line":41,"column":35}},{"start":{"line":41,"column":39},"end":{"line":41,"column":55}},{"start":{"line":41,"column":59},"end":{"line":41,"column":79}},{"start":{"line":41,"column":83},"end":{"line":41,"column":113}}]}},"s":{"0":2,"1":2,"2":5,"3":5,"4":5,"5":5,"6":5,"7":5,"8":2,"9":2,"10":4,"11":4,"12":4,"13":4,"14":0,"15":2},"f":{"0":5,"1":4},"b":{"0":[4,0],"1":[4,4,4,4]}}
}
